[INFO ] 2018-10-05 22:59:16,309 org.springframework.context.support.ClassPathXmlApplicationContext     - Refreshing org.springframework.context.support.ClassPathXmlApplicationContext@58ceff1: startup date [Fri Oct 05 22:59:16 CST 2018]; root of context hierarchy
 [INFO ] 2018-10-05 22:59:16,684 org.springframework.beans.factory.xml.XmlBeanDefinitionReader     - Loading XML bean definitions from class path resource [D:/openSource&jar/e3/e3-content/e3-content-service/src/main/resources/spring/applicationContext-redis.xml]
 [INFO ] 2018-10-05 23:00:05,624 org.springframework.context.support.ClassPathXmlApplicationContext     - Refreshing org.springframework.context.support.ClassPathXmlApplicationContext@58ceff1: startup date [Fri Oct 05 23:00:05 CST 2018]; root of context hierarchy
 [INFO ] 2018-10-05 23:00:05,764 org.springframework.beans.factory.xml.XmlBeanDefinitionReader     - Loading XML bean definitions from file [D:\openSource&jar\e3\e3-content\e3-content-service\target\classes\spring\applicationContext-dao.xml]
 [INFO ] 2018-10-05 23:00:05,981 org.springframework.beans.factory.xml.XmlBeanDefinitionReader     - Loading XML bean definitions from file [D:\openSource&jar\e3\e3-content\e3-content-service\target\classes\spring\applicationContext-redis.xml]
 [INFO ] 2018-10-05 23:00:06,007 org.springframework.beans.factory.xml.XmlBeanDefinitionReader     - Loading XML bean definitions from file [D:\openSource&jar\e3\e3-content\e3-content-service\target\classes\spring\applicationContext-service.xml]
 [INFO ] 2018-10-05 23:00:06,163 com.alibaba.dubbo.common.logger.LoggerFactory     - using logger: com.alibaba.dubbo.common.logger.log4j.Log4jLoggerAdapter
 [INFO ] 2018-10-05 23:00:06,236 org.springframework.beans.factory.xml.XmlBeanDefinitionReader     - Loading XML bean definitions from file [D:\openSource&jar\e3\e3-content\e3-content-service\target\classes\spring\applicationContext-trans.xml]
 [DEBUG] 2018-10-05 23:00:07,188 org.mybatis.spring.mapper.ClassPathMapperScanner     - Identified candidate component class: file [D:\openSource&jar\e3\e3manager\e3-manager-dao\target\classes\com\yan\mapper\TbContentCategoryMapper.class]
 [DEBUG] 2018-10-05 23:00:07,189 org.mybatis.spring.mapper.ClassPathMapperScanner     - Identified candidate component class: file [D:\openSource&jar\e3\e3manager\e3-manager-dao\target\classes\com\yan\mapper\TbContentMapper.class]
 [DEBUG] 2018-10-05 23:00:07,189 org.mybatis.spring.mapper.ClassPathMapperScanner     - Identified candidate component class: file [D:\openSource&jar\e3\e3manager\e3-manager-dao\target\classes\com\yan\mapper\TbItemCatMapper.class]
 [DEBUG] 2018-10-05 23:00:07,190 org.mybatis.spring.mapper.ClassPathMapperScanner     - Identified candidate component class: file [D:\openSource&jar\e3\e3manager\e3-manager-dao\target\classes\com\yan\mapper\TbItemDescMapper.class]
 [DEBUG] 2018-10-05 23:00:07,190 org.mybatis.spring.mapper.ClassPathMapperScanner     - Identified candidate component class: file [D:\openSource&jar\e3\e3manager\e3-manager-dao\target\classes\com\yan\mapper\TbItemMapper.class]
 [DEBUG] 2018-10-05 23:00:07,190 org.mybatis.spring.mapper.ClassPathMapperScanner     - Identified candidate component class: file [D:\openSource&jar\e3\e3manager\e3-manager-dao\target\classes\com\yan\mapper\TbItemParamItemMapper.class]
 [DEBUG] 2018-10-05 23:00:07,191 org.mybatis.spring.mapper.ClassPathMapperScanner     - Identified candidate component class: file [D:\openSource&jar\e3\e3manager\e3-manager-dao\target\classes\com\yan\mapper\TbItemParamMapper.class]
 [DEBUG] 2018-10-05 23:00:07,191 org.mybatis.spring.mapper.ClassPathMapperScanner     - Identified candidate component class: file [D:\openSource&jar\e3\e3manager\e3-manager-dao\target\classes\com\yan\mapper\TbOrderItemMapper.class]
 [DEBUG] 2018-10-05 23:00:07,192 org.mybatis.spring.mapper.ClassPathMapperScanner     - Identified candidate component class: file [D:\openSource&jar\e3\e3manager\e3-manager-dao\target\classes\com\yan\mapper\TbOrderMapper.class]
 [DEBUG] 2018-10-05 23:00:07,192 org.mybatis.spring.mapper.ClassPathMapperScanner     - Identified candidate component class: file [D:\openSource&jar\e3\e3manager\e3-manager-dao\target\classes\com\yan\mapper\TbOrderShippingMapper.class]
 [DEBUG] 2018-10-05 23:00:07,193 org.mybatis.spring.mapper.ClassPathMapperScanner     - Identified candidate component class: file [D:\openSource&jar\e3\e3manager\e3-manager-dao\target\classes\com\yan\mapper\TbUserMapper.class]
 [DEBUG] 2018-10-05 23:00:07,194 org.mybatis.spring.mapper.ClassPathMapperScanner     - Creating MapperFactoryBean with name 'tbContentCategoryMapper' and 'com.yan.mapper.TbContentCategoryMapper' mapperInterface
 [DEBUG] 2018-10-05 23:00:07,196 org.mybatis.spring.mapper.ClassPathMapperScanner     - Enabling autowire by type for MapperFactoryBean with name 'tbContentCategoryMapper'.
 [DEBUG] 2018-10-05 23:00:07,196 org.mybatis.spring.mapper.ClassPathMapperScanner     - Creating MapperFactoryBean with name 'tbContentMapper' and 'com.yan.mapper.TbContentMapper' mapperInterface
 [DEBUG] 2018-10-05 23:00:07,196 org.mybatis.spring.mapper.ClassPathMapperScanner     - Enabling autowire by type for MapperFactoryBean with name 'tbContentMapper'.
 [DEBUG] 2018-10-05 23:00:07,196 org.mybatis.spring.mapper.ClassPathMapperScanner     - Creating MapperFactoryBean with name 'tbItemCatMapper' and 'com.yan.mapper.TbItemCatMapper' mapperInterface
 [DEBUG] 2018-10-05 23:00:07,196 org.mybatis.spring.mapper.ClassPathMapperScanner     - Enabling autowire by type for MapperFactoryBean with name 'tbItemCatMapper'.
 [DEBUG] 2018-10-05 23:00:07,196 org.mybatis.spring.mapper.ClassPathMapperScanner     - Creating MapperFactoryBean with name 'tbItemDescMapper' and 'com.yan.mapper.TbItemDescMapper' mapperInterface
 [DEBUG] 2018-10-05 23:00:07,196 org.mybatis.spring.mapper.ClassPathMapperScanner     - Enabling autowire by type for MapperFactoryBean with name 'tbItemDescMapper'.
 [DEBUG] 2018-10-05 23:00:07,196 org.mybatis.spring.mapper.ClassPathMapperScanner     - Creating MapperFactoryBean with name 'tbItemMapper' and 'com.yan.mapper.TbItemMapper' mapperInterface
 [DEBUG] 2018-10-05 23:00:07,196 org.mybatis.spring.mapper.ClassPathMapperScanner     - Enabling autowire by type for MapperFactoryBean with name 'tbItemMapper'.
 [DEBUG] 2018-10-05 23:00:07,196 org.mybatis.spring.mapper.ClassPathMapperScanner     - Creating MapperFactoryBean with name 'tbItemParamItemMapper' and 'com.yan.mapper.TbItemParamItemMapper' mapperInterface
 [DEBUG] 2018-10-05 23:00:07,196 org.mybatis.spring.mapper.ClassPathMapperScanner     - Enabling autowire by type for MapperFactoryBean with name 'tbItemParamItemMapper'.
 [DEBUG] 2018-10-05 23:00:07,197 org.mybatis.spring.mapper.ClassPathMapperScanner     - Creating MapperFactoryBean with name 'tbItemParamMapper' and 'com.yan.mapper.TbItemParamMapper' mapperInterface
 [DEBUG] 2018-10-05 23:00:07,197 org.mybatis.spring.mapper.ClassPathMapperScanner     - Enabling autowire by type for MapperFactoryBean with name 'tbItemParamMapper'.
 [DEBUG] 2018-10-05 23:00:07,197 org.mybatis.spring.mapper.ClassPathMapperScanner     - Creating MapperFactoryBean with name 'tbOrderItemMapper' and 'com.yan.mapper.TbOrderItemMapper' mapperInterface
 [DEBUG] 2018-10-05 23:00:07,197 org.mybatis.spring.mapper.ClassPathMapperScanner     - Enabling autowire by type for MapperFactoryBean with name 'tbOrderItemMapper'.
 [DEBUG] 2018-10-05 23:00:07,197 org.mybatis.spring.mapper.ClassPathMapperScanner     - Creating MapperFactoryBean with name 'tbOrderMapper' and 'com.yan.mapper.TbOrderMapper' mapperInterface
 [DEBUG] 2018-10-05 23:00:07,197 org.mybatis.spring.mapper.ClassPathMapperScanner     - Enabling autowire by type for MapperFactoryBean with name 'tbOrderMapper'.
 [DEBUG] 2018-10-05 23:00:07,197 org.mybatis.spring.mapper.ClassPathMapperScanner     - Creating MapperFactoryBean with name 'tbOrderShippingMapper' and 'com.yan.mapper.TbOrderShippingMapper' mapperInterface
 [DEBUG] 2018-10-05 23:00:07,197 org.mybatis.spring.mapper.ClassPathMapperScanner     - Enabling autowire by type for MapperFactoryBean with name 'tbOrderShippingMapper'.
 [DEBUG] 2018-10-05 23:00:07,197 org.mybatis.spring.mapper.ClassPathMapperScanner     - Creating MapperFactoryBean with name 'tbUserMapper' and 'com.yan.mapper.TbUserMapper' mapperInterface
 [DEBUG] 2018-10-05 23:00:07,198 org.mybatis.spring.mapper.ClassPathMapperScanner     - Enabling autowire by type for MapperFactoryBean with name 'tbUserMapper'.
 [INFO ] 2018-10-05 23:00:07,217 org.springframework.context.support.PropertySourcesPlaceholderConfigurer     - Loading properties file from class path resource [dbconfig/db.properties]
 [DEBUG] 2018-10-05 23:00:08,914 org.mybatis.spring.SqlSessionFactoryBean     - Parsed configuration file: 'class path resource [mybatis/mybatis-config.xml]'
 [DEBUG] 2018-10-05 23:00:09,148 org.mybatis.spring.SqlSessionFactoryBean     - Parsed mapper file: 'file [D:\openSource&jar\e3\e3manager\e3-manager-dao\target\classes\com\yan\mapper\TbContentCategoryMapper.xml]'
 [DEBUG] 2018-10-05 23:00:09,304 org.mybatis.spring.SqlSessionFactoryBean     - Parsed mapper file: 'file [D:\openSource&jar\e3\e3manager\e3-manager-dao\target\classes\com\yan\mapper\TbContentMapper.xml]'
 [DEBUG] 2018-10-05 23:00:09,380 org.mybatis.spring.SqlSessionFactoryBean     - Parsed mapper file: 'file [D:\openSource&jar\e3\e3manager\e3-manager-dao\target\classes\com\yan\mapper\TbItemCatMapper.xml]'
 [DEBUG] 2018-10-05 23:00:09,429 org.mybatis.spring.SqlSessionFactoryBean     - Parsed mapper file: 'file [D:\openSource&jar\e3\e3manager\e3-manager-dao\target\classes\com\yan\mapper\TbItemDescMapper.xml]'
 [DEBUG] 2018-10-05 23:00:09,476 org.mybatis.spring.SqlSessionFactoryBean     - Parsed mapper file: 'file [D:\openSource&jar\e3\e3manager\e3-manager-dao\target\classes\com\yan\mapper\TbItemMapper.xml]'
 [DEBUG] 2018-10-05 23:00:09,515 org.mybatis.spring.SqlSessionFactoryBean     - Parsed mapper file: 'file [D:\openSource&jar\e3\e3manager\e3-manager-dao\target\classes\com\yan\mapper\TbItemParamItemMapper.xml]'
 [DEBUG] 2018-10-05 23:00:09,565 org.mybatis.spring.SqlSessionFactoryBean     - Parsed mapper file: 'file [D:\openSource&jar\e3\e3manager\e3-manager-dao\target\classes\com\yan\mapper\TbItemParamMapper.xml]'
 [DEBUG] 2018-10-05 23:00:09,594 org.mybatis.spring.SqlSessionFactoryBean     - Parsed mapper file: 'file [D:\openSource&jar\e3\e3manager\e3-manager-dao\target\classes\com\yan\mapper\TbOrderItemMapper.xml]'
 [DEBUG] 2018-10-05 23:00:09,623 org.mybatis.spring.SqlSessionFactoryBean     - Parsed mapper file: 'file [D:\openSource&jar\e3\e3manager\e3-manager-dao\target\classes\com\yan\mapper\TbOrderMapper.xml]'
 [DEBUG] 2018-10-05 23:00:09,673 org.mybatis.spring.SqlSessionFactoryBean     - Parsed mapper file: 'file [D:\openSource&jar\e3\e3manager\e3-manager-dao\target\classes\com\yan\mapper\TbOrderShippingMapper.xml]'
 [DEBUG] 2018-10-05 23:00:09,711 org.mybatis.spring.SqlSessionFactoryBean     - Parsed mapper file: 'file [D:\openSource&jar\e3\e3manager\e3-manager-dao\target\classes\com\yan\mapper\TbUserMapper.xml]'
 [INFO ] 2018-10-05 23:00:10,607 com.alibaba.dubbo.config.AbstractConfig     -  [DUBBO] The service ready on spring started. service: com.yan.cat.service.ContentCategoryService, dubbo version: 2.5.3, current host: 127.0.0.1
 [INFO ] 2018-10-05 23:00:10,750 com.alibaba.dubbo.config.AbstractConfig     -  [DUBBO] Export dubbo service com.yan.cat.service.ContentCategoryService to local registry, dubbo version: 2.5.3, current host: 127.0.0.1
 [INFO ] 2018-10-05 23:00:10,751 com.alibaba.dubbo.config.AbstractConfig     -  [DUBBO] Export dubbo service com.yan.cat.service.ContentCategoryService to url dubbo://10.201.23.249:20881/com.yan.cat.service.ContentCategoryService?anyhost=true&application=e3-content&dubbo=2.5.3&interface=com.yan.cat.service.ContentCategoryService&methods=addContentCategory,getContentCatList&pid=5692&side=provider&timestamp=1538751610628, dubbo version: 2.5.3, current host: 127.0.0.1
 [INFO ] 2018-10-05 23:00:10,751 com.alibaba.dubbo.config.AbstractConfig     -  [DUBBO] Register dubbo service com.yan.cat.service.ContentCategoryService url dubbo://10.201.23.249:20881/com.yan.cat.service.ContentCategoryService?anyhost=true&application=e3-content&dubbo=2.5.3&interface=com.yan.cat.service.ContentCategoryService&methods=addContentCategory,getContentCatList&pid=5692&side=provider&timestamp=1538751610628 to registry registry://192.168.153.133:2181/com.alibaba.dubbo.registry.RegistryService?application=e3-content&dubbo=2.5.3&pid=5692&registry=zookeeper&timestamp=1538751610615, dubbo version: 2.5.3, current host: 127.0.0.1
 [INFO ] 2018-10-05 23:00:11,224 com.alibaba.dubbo.config.AbstractConfig     -  [DUBBO] Run shutdown hook now., dubbo version: 2.5.3, current host: 127.0.0.1
 [INFO ] 2018-10-05 23:00:11,224 com.alibaba.dubbo.registry.support.AbstractRegistryFactory     -  [DUBBO] Close all registries [], dubbo version: 2.5.3, current host: 127.0.0.1
 [INFO ] 2018-10-05 23:00:11,225 com.alibaba.dubbo.rpc.protocol.dubbo.DubboProtocol     -  [DUBBO] Unexport service: dubbo://10.201.23.249:20881/com.yan.cat.service.ContentCategoryService?anyhost=true&application=e3-content&dubbo=2.5.3&interface=com.yan.cat.service.ContentCategoryService&methods=addContentCategory,getContentCatList&pid=5692&side=provider&timestamp=1538751610628, dubbo version: 2.5.3, current host: 127.0.0.1
 [INFO ] 2018-10-05 23:00:11,225 com.alibaba.dubbo.rpc.protocol.injvm.InjvmProtocol     -  [DUBBO] Unexport service: injvm://127.0.0.1/com.yan.cat.service.ContentCategoryService?anyhost=true&application=e3-content&dubbo=2.5.3&interface=com.yan.cat.service.ContentCategoryService&methods=addContentCategory,getContentCatList&pid=5692&side=provider&timestamp=1538751610628, dubbo version: 2.5.3, current host: 127.0.0.1
 [INFO ] 2018-10-05 23:01:40,218 org.springframework.context.support.ClassPathXmlApplicationContext     - Refreshing org.springframework.context.support.ClassPathXmlApplicationContext@58ceff1: startup date [Fri Oct 05 23:01:40 CST 2018]; root of context hierarchy
 [INFO ] 2018-10-05 23:01:40,308 org.springframework.beans.factory.xml.XmlBeanDefinitionReader     - Loading XML bean definitions from class path resource [spring/applicationContext-redis.xml]
 [INFO ] 2018-10-05 23:22:42,716 org.springframework.context.support.ClassPathXmlApplicationContext     - Refreshing org.springframework.context.support.ClassPathXmlApplicationContext@58ceff1: startup date [Fri Oct 05 23:22:42 CST 2018]; root of context hierarchy
 [INFO ] 2018-10-05 23:22:42,966 org.springframework.beans.factory.xml.XmlBeanDefinitionReader     - Loading XML bean definitions from class path resource [spring/applicationContext-redis.xml]
 [INFO ] 2018-10-05 23:27:12,860 org.springframework.context.support.ClassPathXmlApplicationContext     - Refreshing org.springframework.context.support.ClassPathXmlApplicationContext@58ceff1: startup date [Fri Oct 05 23:27:12 CST 2018]; root of context hierarchy
 [INFO ] 2018-10-05 23:27:12,962 org.springframework.beans.factory.xml.XmlBeanDefinitionReader     - Loading XML bean definitions from class path resource [spring/applicationContext-redis.xml]
 [INFO ] 2018-10-05 23:46:36,407 org.springframework.context.support.ClassPathXmlApplicationContext     - Refreshing org.springframework.context.support.ClassPathXmlApplicationContext@58ceff1: startup date [Fri Oct 05 23:46:36 CST 2018]; root of context hierarchy
 [INFO ] 2018-10-05 23:46:36,525 org.springframework.beans.factory.xml.XmlBeanDefinitionReader     - Loading XML bean definitions from class path resource [spring/applicationContext-redis.xml]
 [INFO ] 2018-10-05 23:52:27,907 org.springframework.context.support.ClassPathXmlApplicationContext     - Refreshing org.springframework.context.support.ClassPathXmlApplicationContext@58ceff1: startup date [Fri Oct 05 23:52:27 CST 2018]; root of context hierarchy
 [INFO ] 2018-10-05 23:52:27,993 org.springframework.beans.factory.xml.XmlBeanDefinitionReader     - Loading XML bean definitions from class path resource [spring/applicationContext-redis.xml]
 